<?xml version="1.0" encoding="UTF-8"?>
<!-- Generated by org.testng.reporters.JUnitXMLReporter -->
<testsuite hostname="CAD4-ECOMMER" ignored="0" name="Tests" tests="6" failures="0" timestamp="2021-05-21T10:09:50 ICT" time="7.513" errors="0">
  <testcase name="goToLoginPage" time="1.856" classname="TestClass.LoginTest"/>
  <testcase name="LoginInvalidUsernameMin" time="1.217" classname="TestClass.LoginTest"/>
  <testcase name="LoginInvalidUsernameMax" time="1.323" classname="TestClass.LoginTest"/>
  <testcase name="LoginInvalidPasswordMin" time="1.188" classname="TestClass.LoginTest"/>
  <testcase name="LoginInvalidPasswordMax" time="1.423" classname="TestClass.LoginTest"/>
  <testcase name="LoginValidUsernamePassword" time="0.459" classname="TestClass.LoginTest"/>
</testsuite> <!-- Tests -->
